<?xml version="1.0" encoding="UTF-8"?>
<!-- Generated by org.testng.reporters.JUnitXMLReporter -->
<testsuite hostname="DESKTOP-ONBI019" ignored="2" tests="0" failures="0" timestamp="13 Mar 2023 18:31:14 GMT" time="0.015" errors="0">
  <testcase name="orderHistoryTest" time="0.0" classname="SeleniumFrameworkDesign.Test.SubmitOrderedTest">
    <ignored/>
  </testcase> <!-- orderHistoryTest -->
  <testcase name="submitTest" time="0.0" classname="SeleniumFrameworkDesign.Test.SubmitOrderedTest">
    <ignored/>
  </testcase> <!-- submitTest -->
</testsuite>
