<?xml version="1.0" encoding="UTF-8"?>
<!-- Generated by org.testng.reporters.JUnitXMLReporter -->
<testsuite hostname="DESKTOP-ONBI019" ignored="2" tests="0" failures="0" timestamp="12 Jan 2023 16:47:53 GMT" time="0.02" errors="0">
  <testcase name="loginErrorValidationTest" time="0.0" classname="SeleniumFrameworkDesign.Test.ErrorValidationTest">
    <ignored/>
  </testcase> <!-- loginErrorValidationTest -->
  <testcase name="productErrorValidationTest" time="0.0" classname="SeleniumFrameworkDesign.Test.ErrorValidationTest">
    <ignored/>
  </testcase> <!-- productErrorValidationTest -->
</testsuite>
